Начало раунда 1

День

Игрок 1: Хакер
Игрок 2: Мафия
Игрок 3: Камикадзе
Игрок 4: Дон
Игрок 5: Мирный
Игрок 6: Доктор
Игрок 7: Мирный
Игрок 8: Маньяк
Игрок 9: Комиссар
Игрок 10: Журналист
Мафия 2 выбрал игрока 6 на голосовании.
Хакер 1 выбрал игрока 2 на голосовании.
Мафия 4 выбрал игрока 7 на голосовании.
Мирный 5 выбрал игрока 10 на голосовании.
Доктору 6 выбрал игрока 5 на голосовании.
Мирный 7 выбрал игрока 8 на голосовании.
Маньяк 8 выбрал игрока 3 на голосовании.
Комиссар 9 выбрал игрока 5 на голосовании.
Журналист 10 выбрал игрока 8 на голосовании.
Игрок 3 голосует за игрока 1
Игрок/Бот 5 был убит после дневного голосования.

Ночь

Игрок 1: Хакер
Игрок 2: Мафия
Игрок 3: Камикадзе
Игрок 4: Дон
Игрок 6: Доктор
Игрок 7: Мирный
Игрок 8: Маньяк
Игрок 9: Комиссар
Игрок 10: Журналист
Хакер 1 выбрал игрока 7 для взлома.
Мафия 2 выбрала игрока 9 для убийства.
Игрок 3 выбрал целью игрока 9
Мафия 4 выбрала игрока 10 для убийства.
Доктор 6 лечит игрока 4.
Маньяк 8 выбрал игрока 6 для убийства.
Комиссар проверил игрока 1, он не мафия.
Журналист 10 сравнил игроков 1 и 9. Они враги!
Дон мафии 4 выбрал игрока 10 на основе голосов мафии.
Доктор лечит игрока 4
Маньяк атакует игрока 6
Мафия посещает дом игрока 10
Камикадзе проверил игрока 9
Игрок/Бот 10 был убит мафией.
Игрок/Бот 6 был убит маньяком.
